<?xml version="1.0" encoding="UTF-8"?>
<!-- Generated by org.testng.reporters.JUnitReportReporter -->
<testsuite skipped="1" hostname="DELL-235CI4GQPV" name="com.class12.FligthSearch" tests="2" failures="0" timestamp="10 Feb 2020 18:18:58 GMT" time="4.833" errors="1">
  <testcase name="searchFlight" time="0.000" classname="com.class12.FligthSearch">
    <skipped/>
  </testcase> <!-- searchFlight -->
  <testcase name="setUp" time="4.833" classname="com.class12.FligthSearch">
    <error type="org.openqa.selenium.SessionNotCreatedException" message="session not created: This version of ChromeDriver only supports Chrome version 76
Build info: version: &#039;3.141.59&#039;, revision: &#039;e82be7d358&#039;, time: &#039;2018-11-14T08:25:53&#039;
System info: host: &#039;DELL-235CI4GQPV&#039;, ip: &#039;192.168.1.201&#039;, os.name: &#039;Windows 8.1&#039;, os.arch: &#039;amd64&#039;, os.version: &#039;6.3&#039;, java.version: &#039;1.8.0_201&#039;
Driver info: driver.version: ChromeDriver
remote stacktrace: Backtrace:
	Ordinal0 [0x00307C93+1473683]
	Ordinal0 [0x0028ADB1+961969]
	Ordinal0 [0x002142E3+475875]
	Ordinal0 [0x001AF365+62309]
	Ordinal0 [0x001ABC77+48247]
	Ordinal0 [0x001C9149+168265]
	Ordinal0 [0x001C8D1D+167197]
	Ordinal0 [0x001C742B+160811]
	Ordinal0 [0x001B0AE6+68326]
	Ordinal0 [0x001B1BF0+72688]
	Ordinal0 [0x001B1B89+72585]
	Ordinal0 [0x002A4B77+1067895]
	GetHandleVerifier [0x003A6875+506677]
	GetHandleVerifier [0x003A6610+506064]
	GetHandleVerifier [0x003AD1B8+533624]
	GetHandleVerifier [0x003A704A+508682]
	Ordinal0 [0x0029C266+1032806]
	Ordinal0 [0x0029C0DF+1032415]
	Ordinal0 [0x002A6A8B+1075851]
	Ordinal0 [0x002A6BF3+1076211]
	Ordinal0 [0x002A5BA5+1072037]
	BaseThreadInitThunk [0x753F6A14+36]
	RtlInitializeExceptionChain [0x7770AD8F+143]
	RtlInitializeExceptionChain [0x7770AD5A+90]
">
      <![CDATA[org.openqa.selenium.SessionNotCreatedException: session not created: This version of ChromeDriver only supports Chrome version 76
Build info: version: '3.141.59', revision: 'e82be7d358', time: '2018-11-14T08:25:53'
System info: host: 'DELL-235CI4GQPV', ip: '192.168.1.201', os.name: 'Windows 8.1', os.arch: 'amd64', os.version: '6.3', java.version: '1.8.0_201'
Driver info: driver.version: ChromeDriver
remote stacktrace: Backtrace:
Ordinal0 [0x00307C93+1473683]
Ordinal0 [0x0028ADB1+961969]
Ordinal0 [0x002142E3+475875]
Ordinal0 [0x001AF365+62309]
Ordinal0 [0x001ABC77+48247]
Ordinal0 [0x001C9149+168265]
Ordinal0 [0x001C8D1D+167197]
Ordinal0 [0x001C742B+160811]
Ordinal0 [0x001B0AE6+68326]
Ordinal0 [0x001B1BF0+72688]
Ordinal0 [0x001B1B89+72585]
Ordinal0 [0x002A4B77+1067895]
GetHandleVerifier [0x003A6875+506677]
GetHandleVerifier [0x003A6610+506064]
GetHandleVerifier [0x003AD1B8+533624]
GetHandleVerifier [0x003A704A+508682]
Ordinal0 [0x0029C266+1032806]
Ordinal0 [0x0029C0DF+1032415]
Ordinal0 [0x002A6A8B+1075851]
Ordinal0 [0x002A6BF3+1076211]
Ordinal0 [0x002A5BA5+1072037]
BaseThreadInitThunk [0x753F6A14+36]
RtlInitializeExceptionChain [0x7770AD8F+143]
RtlInitializeExceptionChain [0x7770AD5A+90]

at sun.reflect.NativeConstructorAccessorImpl.newInstance0(Native Method)
at sun.reflect.NativeConstructorAccessorImpl.newInstance(Unknown Source)
at sun.reflect.DelegatingConstructorAccessorImpl.newInstance(Unknown Source)
at java.lang.reflect.Constructor.newInstance(Unknown Source)
at org.openqa.selenium.remote.W3CHandshakeResponse.lambda$errorHandler$0(W3CHandshakeResponse.java:62)
at org.openqa.selenium.remote.HandshakeResponse.lambda$getResponseFunction$0(HandshakeResponse.java:30)
at org.openqa.selenium.remote.ProtocolHandshake.lambda$createSession$0(ProtocolHandshake.java:126)
at java.util.stream.ReferencePipeline$3$1.accept(Unknown Source)
at java.util.Spliterators$ArraySpliterator.tryAdvance(Unknown Source)
at java.util.stream.ReferencePipeline.forEachWithCancel(Unknown Source)
at java.util.stream.AbstractPipeline.copyIntoWithCancel(Unknown Source)
at java.util.stream.AbstractPipeline.copyInto(Unknown Source)
at java.util.stream.AbstractPipeline.wrapAndCopyInto(Unknown Source)
at java.util.stream.FindOps$FindOp.evaluateSequential(Unknown Source)
at java.util.stream.AbstractPipeline.evaluate(Unknown Source)
at java.util.stream.ReferencePipeline.findFirst(Unknown Source)
at org.openqa.selenium.remote.ProtocolHandshake.createSession(ProtocolHandshake.java:128)
at org.openqa.selenium.remote.ProtocolHandshake.createSession(ProtocolHandshake.java:74)
at org.openqa.selenium.remote.HttpCommandExecutor.execute(HttpCommandExecutor.java:136)
at org.openqa.selenium.remote.service.DriverCommandExecutor.execute(DriverCommandExecutor.java:83)
at org.openqa.selenium.remote.RemoteWebDriver.execute(RemoteWebDriver.java:552)
at org.openqa.selenium.remote.RemoteWebDriver.startSession(RemoteWebDriver.java:213)
at org.openqa.selenium.remote.RemoteWebDriver.<init>(RemoteWebDriver.java:131)
at org.openqa.selenium.chrome.ChromeDriver.<init>(ChromeDriver.java:181)
at org.openqa.selenium.chrome.ChromeDriver.<init>(ChromeDriver.java:168)
at org.openqa.selenium.chrome.ChromeDriver.<init>(ChromeDriver.java:123)
at utils.CommonMethods.setUpDriver(CommonMethods.java:36)
at com.class12.FligthSearch.setUp(FligthSearch.java:22)
at sun.reflect.NativeMethodAccessorImpl.invoke0(Native Method)
at sun.reflect.NativeMethodAccessorImpl.invoke(Unknown Source)
at sun.reflect.DelegatingMethodAccessorImpl.invoke(Unknown Source)
at java.lang.reflect.Method.invoke(Unknown Source)
at org.testng.internal.MethodInvocationHelper.invokeMethod(MethodInvocationHelper.java:124)
at org.testng.internal.MethodInvocationHelper.invokeMethodConsideringTimeout(MethodInvocationHelper.java:59)
at org.testng.internal.Invoker.invokeConfigurationMethod(Invoker.java:458)
at org.testng.internal.Invoker.invokeConfigurations(Invoker.java:222)
at org.testng.internal.Invoker.invokeMethod(Invoker.java:523)
at org.testng.internal.Invoker.invokeTestMethod(Invoker.java:719)
at org.testng.internal.Invoker.invokeTestMethods(Invoker.java:989)
at org.testng.internal.TestMethodWorker.invokeTestMethods(TestMethodWorker.java:125)
at org.testng.internal.TestMethodWorker.run(TestMethodWorker.java:109)
at org.testng.TestRunner.privateRun(TestRunner.java:648)
at org.testng.TestRunner.run(TestRunner.java:505)
at org.testng.SuiteRunner.runTest(SuiteRunner.java:455)
at org.testng.SuiteRunner.runSequentially(SuiteRunner.java:450)
at org.testng.SuiteRunner.privateRun(SuiteRunner.java:415)
at org.testng.SuiteRunner.run(SuiteRunner.java:364)
at org.testng.SuiteRunnerWorker.runSuite(SuiteRunnerWorker.java:52)
at org.testng.SuiteRunnerWorker.run(SuiteRunnerWorker.java:84)
at org.testng.TestNG.runSuitesSequentially(TestNG.java:1208)
at org.testng.TestNG.runSuitesLocally(TestNG.java:1137)
at org.testng.TestNG.runSuites(TestNG.java:1049)
at org.testng.TestNG.run(TestNG.java:1017)
at org.testng.remote.AbstractRemoteTestNG.run(AbstractRemoteTestNG.java:115)
at org.testng.remote.RemoteTestNG.initAndRun(RemoteTestNG.java:251)
at org.testng.remote.RemoteTestNG.main(RemoteTestNG.java:77)
]]>
    </error>
  </testcase> <!-- setUp -->
</testsuite> <!-- com.class12.FligthSearch -->
